{"/home/brayanrianodev/Documentos/clinicsay/backend/src/application/patient-alert/create-patient-alert.use-case.ts": {"path":"/home/brayanrianodev/Documentos/clinicsay/backend/src/application/patient-alert/create-patient-alert.use-case.ts","statementMap":{"0":{"start":{"line":1,"column":0},"end":{"line":1,"column":89}},"1":{"start":{"line":2,"column":0},"end":{"line":2,"column":35}},"2":{"start":{"line":5,"column":0},"end":{"line":5,"column":94}},"3":{"start":{"line":6,"column":0},"end":{"line":6,"column":84}},"4":{"start":{"line":7,"column":0},"end":{"line":7,"column":null}},"5":{"start":{"line":12,"column":0},"end":{"line":12,"column":104}},"6":{"start":{"line":13,"column":0},"end":{"line":13,"column":74}},"7":{"start":{"line":24,"column":7},"end":{"line":71,"column":null}},"8":{"start":{"line":27,"column":21},"end":{"line":27,"column":50}},"9":{"start":{"line":28,"column":21},"end":{"line":28,"column":29}},"10":{"start":{"line":32,"column":26},"end":{"line":34,"column":6}},"11":{"start":{"line":36,"column":4},"end":{"line":38,"column":5}},"12":{"start":{"line":37,"column":6},"end":{"line":37,"column":null}},"13":{"start":{"line":40,"column":21},"end":{"line":40,"column":82}},"14":{"start":{"line":42,"column":4},"end":{"line":55,"column":5}},"15":{"start":{"line":43,"column":24},"end":{"line":47,"column":null}},"16":{"start":{"line":50,"column":6},"end":{"line":54,"column":7}},"17":{"start":{"line":51,"column":8},"end":{"line":53,"column":null}},"18":{"start":{"line":57,"column":16},"end":{"line":57,"column":26}},"19":{"start":{"line":58,"column":18},"end":{"line":67,"column":6}},"20":{"start":{"line":69,"column":4},"end":{"line":69,"column":null}},"21":{"start":{"line":24,"column":13},"end":{"line":24,"column":38}},"22":{"start":{"line":24,"column":13},"end":{"line":71,"column":null}}},"fnMap":{"0":{"name":"(anonymous_4)","decl":{"start":{"line":25,"column":2},"end":{"line":25,"column":null}},"loc":{"start":{"line":28,"column":42},"end":{"line":29,"column":6}}},"1":{"name":"(anonymous_5)","decl":{"start":{"line":31,"column":2},"end":{"line":31,"column":7}},"loc":{"start":{"line":31,"column":46},"end":{"line":70,"column":3}}}},"branchMap":{"0":{"loc":{"start":{"line":36,"column":4},"end":{"line":38,"column":5}},"type":"if","locations":[{"start":{"line":36,"column":4},"end":{"line":38,"column":5}},{"start":{},"end":{}}]},"1":{"loc":{"start":{"line":42,"column":4},"end":{"line":55,"column":5}},"type":"if","locations":[{"start":{"line":42,"column":4},"end":{"line":55,"column":5}},{"start":{},"end":{}}]},"2":{"loc":{"start":{"line":50,"column":6},"end":{"line":54,"column":7}},"type":"if","locations":[{"start":{"line":50,"column":6},"end":{"line":54,"column":7}},{"start":{},"end":{}}]},"3":{"loc":{"start":{"line":28,"column":29},"end":{"line":28,"column":null}},"type":"cond-expr","locations":[{"start":{"line":28,"column":42},"end":{"line":28,"column":null}},{"start":{"line":28,"column":42},"end":{"line":28,"column":null}}]},"4":{"loc":{"start":{"line":28,"column":29},"end":{"line":28,"column":42}},"type":"binary-expr","locations":[{"start":{"line":28,"column":29},"end":{"line":28,"column":null}},{"start":{"line":28,"column":29},"end":{"line":28,"column":42}}]}},"s":{"0":1,"1":1,"2":1,"3":1,"4":1,"5":1,"6":1,"7":1,"8":5,"9":5,"10":5,"11":5,"12":1,"13":4,"14":4,"15":3,"16":3,"17":2,"18":2,"19":2,"20":2,"21":1,"22":1},"f":{"0":5,"1":5},"b":{"0":[1,4],"1":[3,1],"2":[2,1],"3":[1,0],"4":[1,1]}}
,"/home/brayanrianodev/Documentos/clinicsay/backend/src/application/patient-alert/delete-patient-alert.use-case.ts": {"path":"/home/brayanrianodev/Documentos/clinicsay/backend/src/application/patient-alert/delete-patient-alert.use-case.ts","statementMap":{"0":{"start":{"line":1,"column":0},"end":{"line":1,"column":70}},"1":{"start":{"line":2,"column":0},"end":{"line":2,"column":null}},"2":{"start":{"line":7,"column":0},"end":{"line":7,"column":104}},"3":{"start":{"line":10,"column":7},"end":{"line":25,"column":null}},"4":{"start":{"line":13,"column":21},"end":{"line":13,"column":50}},"5":{"start":{"line":17,"column":21},"end":{"line":17,"column":54}},"6":{"start":{"line":19,"column":4},"end":{"line":21,"column":5}},"7":{"start":{"line":20,"column":6},"end":{"line":20,"column":null}},"8":{"start":{"line":23,"column":4},"end":{"line":23,"column":null}},"9":{"start":{"line":10,"column":13},"end":{"line":10,"column":38}},"10":{"start":{"line":10,"column":13},"end":{"line":25,"column":null}}},"fnMap":{"0":{"name":"(anonymous_4)","decl":{"start":{"line":11,"column":2},"end":{"line":11,"column":null}},"loc":{"start":{"line":13,"column":50},"end":{"line":14,"column":6}}},"1":{"name":"(anonymous_5)","decl":{"start":{"line":16,"column":2},"end":{"line":16,"column":7}},"loc":{"start":{"line":16,"column":31},"end":{"line":24,"column":3}}}},"branchMap":{"0":{"loc":{"start":{"line":19,"column":4},"end":{"line":21,"column":5}},"type":"if","locations":[{"start":{"line":19,"column":4},"end":{"line":21,"column":5}},{"start":{},"end":{}}]}},"s":{"0":1,"1":1,"2":1,"3":1,"4":2,"5":2,"6":2,"7":1,"8":1,"9":1,"10":1},"f":{"0":2,"1":2},"b":{"0":[1,1]}}
,"/home/brayanrianodev/Documentos/clinicsay/backend/src/application/patient-alert/get-patient-alerts.use-case.ts": {"path":"/home/brayanrianodev/Documentos/clinicsay/backend/src/application/patient-alert/get-patient-alerts.use-case.ts","statementMap":{"0":{"start":{"line":1,"column":0},"end":{"line":1,"column":51}},"1":{"start":{"line":2,"column":0},"end":{"line":2,"column":79}},"2":{"start":{"line":5,"column":0},"end":{"line":5,"column":104}},"3":{"start":{"line":8,"column":7},"end":{"line":24,"column":null}},"4":{"start":{"line":11,"column":21},"end":{"line":11,"column":50}},"5":{"start":{"line":15,"column":19},"end":{"line":15,"column":61}},"6":{"start":{"line":17,"column":4},"end":{"line":22,"column":null}},"7":{"start":{"line":18,"column":6},"end":{"line":20,"column":7}},"8":{"start":{"line":19,"column":8},"end":{"line":19,"column":null}},"9":{"start":{"line":21,"column":6},"end":{"line":21,"column":null}},"10":{"start":{"line":8,"column":13},"end":{"line":8,"column":36}},"11":{"start":{"line":8,"column":13},"end":{"line":24,"column":null}}},"fnMap":{"0":{"name":"(anonymous_4)","decl":{"start":{"line":9,"column":2},"end":{"line":9,"column":null}},"loc":{"start":{"line":11,"column":50},"end":{"line":12,"column":6}}},"1":{"name":"(anonymous_5)","decl":{"start":{"line":14,"column":2},"end":{"line":14,"column":7}},"loc":{"start":{"line":14,"column":33},"end":{"line":23,"column":3}}},"2":{"name":"(anonymous_6)","decl":{"start":{"line":17,"column":23},"end":{"line":17,"column":24}},"loc":{"start":{"line":17,"column":32},"end":{"line":22,"column":5}}}},"branchMap":{"0":{"loc":{"start":{"line":18,"column":6},"end":{"line":20,"column":7}},"type":"if","locations":[{"start":{"line":18,"column":6},"end":{"line":20,"column":7}},{"start":{},"end":{}}]},"1":{"loc":{"start":{"line":19,"column":15},"end":{"line":19,"column":34}},"type":"cond-expr","locations":[{"start":{"line":19,"column":28},"end":{"line":19,"column":30}},{"start":{"line":19,"column":33},"end":{"line":19,"column":34}}]}},"s":{"0":1,"1":1,"2":1,"3":1,"4":2,"5":2,"6":2,"7":6,"8":1,"9":5,"10":1,"11":1},"f":{"0":2,"1":2,"2":6},"b":{"0":[1,5],"1":[1,0]}}
,"/home/brayanrianodev/Documentos/clinicsay/backend/src/application/patient-alert/update-patient-alert.use-case.ts": {"path":"/home/brayanrianodev/Documentos/clinicsay/backend/src/application/patient-alert/update-patient-alert.use-case.ts","statementMap":{"0":{"start":{"line":1,"column":0},"end":{"line":1,"column":89}},"1":{"start":{"line":4,"column":0},"end":{"line":4,"column":94}},"2":{"start":{"line":5,"column":0},"end":{"line":5,"column":84}},"3":{"start":{"line":6,"column":0},"end":{"line":6,"column":null}},"4":{"start":{"line":11,"column":0},"end":{"line":11,"column":104}},"5":{"start":{"line":22,"column":7},"end":{"line":71,"column":null}},"6":{"start":{"line":25,"column":21},"end":{"line":25,"column":50}},"7":{"start":{"line":29,"column":21},"end":{"line":29,"column":60}},"8":{"start":{"line":31,"column":4},"end":{"line":33,"column":5}},"9":{"start":{"line":32,"column":6},"end":{"line":32,"column":null}},"10":{"start":{"line":35,"column":21},"end":{"line":38,"column":null}},"11":{"start":{"line":40,"column":28},"end":{"line":40,"column":63}},"12":{"start":{"line":42,"column":4},"end":{"line":56,"column":5}},"13":{"start":{"line":43,"column":24},"end":{"line":47,"column":null}},"14":{"start":{"line":50,"column":31},"end":{"line":50,"column":72}},"15":{"start":{"line":51,"column":6},"end":{"line":55,"column":7}},"16":{"start":{"line":52,"column":8},"end":{"line":54,"column":null}},"17":{"start":{"line":58,"column":20},"end":{"line":67,"column":6}},"18":{"start":{"line":69,"column":4},"end":{"line":69,"column":null}},"19":{"start":{"line":22,"column":13},"end":{"line":22,"column":38}},"20":{"start":{"line":22,"column":13},"end":{"line":71,"column":null}}},"fnMap":{"0":{"name":"(anonymous_4)","decl":{"start":{"line":23,"column":2},"end":{"line":23,"column":null}},"loc":{"start":{"line":25,"column":50},"end":{"line":26,"column":6}}},"1":{"name":"(anonymous_5)","decl":{"start":{"line":28,"column":2},"end":{"line":28,"column":7}},"loc":{"start":{"line":28,"column":46},"end":{"line":70,"column":3}}}},"branchMap":{"0":{"loc":{"start":{"line":31,"column":4},"end":{"line":33,"column":5}},"type":"if","locations":[{"start":{"line":31,"column":4},"end":{"line":33,"column":5}},{"start":{},"end":{}}]},"1":{"loc":{"start":{"line":36,"column":6},"end":{"line":36,"column":33}},"type":"binary-expr","locations":[{"start":{"line":36,"column":6},"end":{"line":36,"column":16}},{"start":{"line":36,"column":20},"end":{"line":36,"column":33}}]},"2":{"loc":{"start":{"line":37,"column":6},"end":{"line":37,"column":41}},"type":"binary-expr","locations":[{"start":{"line":37,"column":6},"end":{"line":37,"column":20}},{"start":{"line":37,"column":24},"end":{"line":37,"column":41}}]},"3":{"loc":{"start":{"line":38,"column":6},"end":{"line":38,"column":39}},"type":"binary-expr","locations":[{"start":{"line":38,"column":6},"end":{"line":38,"column":19}},{"start":{"line":38,"column":23},"end":{"line":38,"column":39}}]},"4":{"loc":{"start":{"line":40,"column":28},"end":{"line":40,"column":63}},"type":"binary-expr","locations":[{"start":{"line":40,"column":28},"end":{"line":40,"column":42}},{"start":{"line":40,"column":46},"end":{"line":40,"column":63}}]},"5":{"loc":{"start":{"line":42,"column":4},"end":{"line":56,"column":5}},"type":"if","locations":[{"start":{"line":42,"column":4},"end":{"line":56,"column":5}},{"start":{},"end":{}}]},"6":{"loc":{"start":{"line":50,"column":31},"end":{"line":50,"column":72}},"type":"binary-expr","locations":[{"start":{"line":50,"column":31},"end":{"line":50,"column":40}},{"start":{"line":50,"column":44},"end":{"line":50,"column":72}}]},"7":{"loc":{"start":{"line":51,"column":6},"end":{"line":55,"column":7}},"type":"if","locations":[{"start":{"line":51,"column":6},"end":{"line":55,"column":7}},{"start":{},"end":{}}]}},"s":{"0":1,"1":1,"2":1,"3":1,"4":1,"5":1,"6":3,"7":3,"8":3,"9":1,"10":2,"11":2,"12":2,"13":2,"14":2,"15":2,"16":1,"17":1,"18":1,"19":1,"20":1},"f":{"0":3,"1":3},"b":{"0":[1,2],"1":[2,2],"2":[2,2],"3":[2,2],"4":[2,0],"5":[2,0],"6":[2,2],"7":[1,1]}}
,"/home/brayanrianodev/Documentos/clinicsay/backend/src/domain/patient-alert/alert-severity.enum.ts": {"path":"/home/brayanrianodev/Documentos/clinicsay/backend/src/domain/patient-alert/alert-severity.enum.ts","statementMap":{"0":{"start":{"line":1,"column":0},"end":{"line":1,"column":null}},"1":{"start":{"line":2,"column":2},"end":{"line":2,"column":null}},"2":{"start":{"line":3,"column":2},"end":{"line":3,"column":null}},"3":{"start":{"line":4,"column":2},"end":{"line":4,"column":null}},"4":{"start":{"line":7,"column":13},"end":{"line":11,"column":null}}},"fnMap":{"0":{"name":"(anonymous_0)","decl":{"start":{"line":1,"column":0},"end":{"line":1,"column":12}},"loc":{"start":{"line":1,"column":25},"end":{"line":5,"column":1}}}},"branchMap":{"0":{"loc":{"start":{"line":1,"column":12},"end":{"line":1,"column":null}},"type":"binary-expr","locations":[{"start":{"line":1,"column":12},"end":{"line":1,"column":25}},{"start":{"line":1,"column":25},"end":{"line":1,"column":null}}]}},"s":{"0":5,"1":5,"2":5,"3":5,"4":5},"f":{"0":5},"b":{"0":[5,5]}}
,"/home/brayanrianodev/Documentos/clinicsay/backend/src/domain/patient-alert/alert-type.enum.ts": {"path":"/home/brayanrianodev/Documentos/clinicsay/backend/src/domain/patient-alert/alert-type.enum.ts","statementMap":{"0":{"start":{"line":1,"column":0},"end":{"line":1,"column":null}},"1":{"start":{"line":2,"column":2},"end":{"line":2,"column":null}},"2":{"start":{"line":3,"column":2},"end":{"line":3,"column":null}},"3":{"start":{"line":4,"column":2},"end":{"line":4,"column":null}},"4":{"start":{"line":5,"column":2},"end":{"line":5,"column":null}}},"fnMap":{"0":{"name":"(anonymous_0)","decl":{"start":{"line":1,"column":0},"end":{"line":1,"column":12}},"loc":{"start":{"line":1,"column":21},"end":{"line":6,"column":1}}}},"branchMap":{"0":{"loc":{"start":{"line":1,"column":12},"end":{"line":1,"column":null}},"type":"binary-expr","locations":[{"start":{"line":1,"column":12},"end":{"line":1,"column":21}},{"start":{"line":1,"column":21},"end":{"line":1,"column":null}}]}},"s":{"0":5,"1":5,"2":5,"3":5,"4":5},"f":{"0":5},"b":{"0":[5,5]}}
,"/home/brayanrianodev/Documentos/clinicsay/backend/src/domain/patient-alert/patient-alert-duplicate.policy.ts": {"path":"/home/brayanrianodev/Documentos/clinicsay/backend/src/domain/patient-alert/patient-alert-duplicate.policy.ts","statementMap":{"0":{"start":{"line":11,"column":0},"end":{"line":11,"column":16}},"1":{"start":{"line":15,"column":0},"end":{"line":15,"column":16}},"2":{"start":{"line":27,"column":0},"end":{"line":27,"column":16}},"3":{"start":{"line":34,"column":0},"end":{"line":34,"column":16}},"4":{"start":{"line":12,"column":2},"end":{"line":12,"column":null}},"5":{"start":{"line":20,"column":2},"end":{"line":24,"column":null}},"6":{"start":{"line":31,"column":2},"end":{"line":31,"column":null}},"7":{"start":{"line":39,"column":2},"end":{"line":42,"column":null}},"8":{"start":{"line":41,"column":6},"end":{"line":41,"column":79}}},"fnMap":{"0":{"name":"normalizeAlertMessage","decl":{"start":{"line":11,"column":16},"end":{"line":11,"column":37}},"loc":{"start":{"line":11,"column":53},"end":{"line":13,"column":1}}},"1":{"name":"buildAlertIdentity","decl":{"start":{"line":15,"column":16},"end":{"line":15,"column":34}},"loc":{"start":{"line":18,"column":17},"end":{"line":25,"column":1}}},"2":{"name":"isSameActiveAlertIdentity","decl":{"start":{"line":27,"column":16},"end":{"line":27,"column":41}},"loc":{"start":{"line":29,"column":25},"end":{"line":32,"column":1}}},"3":{"name":"findConflictingActiveAlert","decl":{"start":{"line":34,"column":16},"end":{"line":34,"column":42}},"loc":{"start":{"line":37,"column":25},"end":{"line":43,"column":1}}},"4":{"name":"(anonymous_4)","decl":{"start":{"line":40,"column":4},"end":{"line":40,"column":5}},"loc":{"start":{"line":41,"column":6},"end":{"line":41,"column":79}}}},"branchMap":{"0":{"loc":{"start":{"line":31,"column":9},"end":{"line":31,"column":102}},"type":"binary-expr","locations":[{"start":{"line":31,"column":9},"end":{"line":31,"column":23}},{"start":{"line":31,"column":27},"end":{"line":31,"column":102}}]},"1":{"loc":{"start":{"line":41,"column":6},"end":{"line":41,"column":79}},"type":"binary-expr","locations":[{"start":{"line":41,"column":6},"end":{"line":41,"column":33}},{"start":{"line":41,"column":37},"end":{"line":41,"column":79}}]}},"s":{"0":3,"1":3,"2":3,"3":3,"4":8,"5":7,"6":2,"7":2,"8":2},"f":{"0":8,"1":7,"2":2,"3":2,"4":2},"b":{"0":[2,1],"1":[2,2]}}
,"/home/brayanrianodev/Documentos/clinicsay/backend/src/domain/patient-alert/patient-alert.entity.ts": {"path":"/home/brayanrianodev/Documentos/clinicsay/backend/src/domain/patient-alert/patient-alert.entity.ts","statementMap":{"0":{"start":{"line":16,"column":39},"end":{"line":16,"column":63}},"1":{"start":{"line":19,"column":4},"end":{"line":19,"column":null}},"2":{"start":{"line":23,"column":4},"end":{"line":23,"column":null}},"3":{"start":{"line":27,"column":4},"end":{"line":27,"column":null}},"4":{"start":{"line":31,"column":4},"end":{"line":31,"column":null}},"5":{"start":{"line":35,"column":4},"end":{"line":35,"column":null}},"6":{"start":{"line":39,"column":4},"end":{"line":39,"column":null}},"7":{"start":{"line":43,"column":4},"end":{"line":43,"column":null}},"8":{"start":{"line":47,"column":4},"end":{"line":47,"column":null}},"9":{"start":{"line":51,"column":4},"end":{"line":51,"column":null}},"10":{"start":{"line":55,"column":4},"end":{"line":55,"column":null}},"11":{"start":{"line":59,"column":4},"end":{"line":59,"column":null}},"12":{"start":{"line":15,"column":0},"end":{"line":15,"column":13}}},"fnMap":{"0":{"name":"(anonymous_0)","decl":{"start":{"line":16,"column":2},"end":{"line":16,"column":39}},"loc":{"start":{"line":16,"column":63},"end":{"line":16,"column":67}}},"1":{"name":"(anonymous_1)","decl":{"start":{"line":18,"column":2},"end":{"line":18,"column":8}},"loc":{"start":{"line":18,"column":40},"end":{"line":20,"column":3}}},"2":{"name":"(anonymous_2)","decl":{"start":{"line":22,"column":2},"end":{"line":22,"column":6}},"loc":{"start":{"line":22,"column":8},"end":{"line":24,"column":3}}},"3":{"name":"(anonymous_3)","decl":{"start":{"line":26,"column":2},"end":{"line":26,"column":6}},"loc":{"start":{"line":26,"column":15},"end":{"line":28,"column":3}}},"4":{"name":"(anonymous_4)","decl":{"start":{"line":30,"column":2},"end":{"line":30,"column":6}},"loc":{"start":{"line":30,"column":10},"end":{"line":32,"column":3}}},"5":{"name":"(anonymous_5)","decl":{"start":{"line":34,"column":2},"end":{"line":34,"column":6}},"loc":{"start":{"line":34,"column":14},"end":{"line":36,"column":3}}},"6":{"name":"(anonymous_6)","decl":{"start":{"line":38,"column":2},"end":{"line":38,"column":6}},"loc":{"start":{"line":38,"column":13},"end":{"line":40,"column":3}}},"7":{"name":"(anonymous_7)","decl":{"start":{"line":42,"column":2},"end":{"line":42,"column":6}},"loc":{"start":{"line":42,"column":14},"end":{"line":44,"column":3}}},"8":{"name":"(anonymous_8)","decl":{"start":{"line":46,"column":2},"end":{"line":46,"column":6}},"loc":{"start":{"line":46,"column":15},"end":{"line":48,"column":3}}},"9":{"name":"(anonymous_9)","decl":{"start":{"line":50,"column":2},"end":{"line":50,"column":6}},"loc":{"start":{"line":50,"column":15},"end":{"line":52,"column":3}}},"10":{"name":"(anonymous_10)","decl":{"start":{"line":54,"column":2},"end":{"line":54,"column":19}},"loc":{"start":{"line":54,"column":77},"end":{"line":56,"column":3}}},"11":{"name":"(anonymous_11)","decl":{"start":{"line":58,"column":2},"end":{"line":58,"column":8}},"loc":{"start":{"line":58,"column":8},"end":{"line":60,"column":3}}}},"branchMap":{"0":{"loc":{"start":{"line":55,"column":11},"end":{"line":55,"column":128}},"type":"binary-expr","locations":[{"start":{"line":55,"column":11},"end":{"line":55,"column":30}},{"start":{"line":55,"column":34},"end":{"line":55,"column":58}},{"start":{"line":55,"column":62},"end":{"line":55,"column":94}},{"start":{"line":55,"column":98},"end":{"line":55,"column":128}}]}},"s":{"0":17,"1":17,"2":11,"3":4,"4":3,"5":16,"6":2,"7":18,"8":1,"9":0,"10":1,"11":1,"12":5},"f":{"0":17,"1":17,"2":11,"3":4,"4":3,"5":16,"6":2,"7":18,"8":1,"9":0,"10":1,"11":1},"b":{"0":[1,1,1,1]}}
,"/home/brayanrianodev/Documentos/clinicsay/backend/src/domain/patient-alert/patient-alert.error-codes.ts": {"path":"/home/brayanrianodev/Documentos/clinicsay/backend/src/domain/patient-alert/patient-alert.error-codes.ts","statementMap":{"0":{"start":{"line":14,"column":0},"end":{"line":14,"column":16}},"1":{"start":{"line":1,"column":0},"end":{"line":1,"column":null}},"2":{"start":{"line":2,"column":2},"end":{"line":2,"column":null}},"3":{"start":{"line":3,"column":2},"end":{"line":3,"column":null}},"4":{"start":{"line":4,"column":2},"end":{"line":4,"column":null}},"5":{"start":{"line":7,"column":13},"end":{"line":12,"column":null}},"6":{"start":{"line":15,"column":2},"end":{"line":18,"column":null}}},"fnMap":{"0":{"name":"(anonymous_0)","decl":{"start":{"line":1,"column":0},"end":{"line":1,"column":12}},"loc":{"start":{"line":1,"column":33},"end":{"line":5,"column":1}}},"1":{"name":"patientAlertError","decl":{"start":{"line":14,"column":16},"end":{"line":14,"column":33}},"loc":{"start":{"line":14,"column":61},"end":{"line":19,"column":1}}}},"branchMap":{"0":{"loc":{"start":{"line":1,"column":12},"end":{"line":1,"column":null}},"type":"binary-expr","locations":[{"start":{"line":1,"column":12},"end":{"line":1,"column":33}},{"start":{"line":1,"column":33},"end":{"line":1,"column":null}}]}},"s":{"0":3,"1":3,"2":3,"3":3,"4":3,"5":3,"6":6},"f":{"0":3,"1":6},"b":{"0":[3,3]}}
,"/home/brayanrianodev/Documentos/clinicsay/backend/src/domain/patient-alert/patient-alert.repository.interface.ts": {"path":"/home/brayanrianodev/Documentos/clinicsay/backend/src/domain/patient-alert/patient-alert.repository.interface.ts","statementMap":{"0":{"start":{"line":5,"column":13},"end":{"line":5,"column":null}}},"fnMap":{},"branchMap":{},"s":{"0":4},"f":{},"b":{}}
,"/home/brayanrianodev/Documentos/clinicsay/backend/src/infrastructure/prisma/patient-alert.prisma.repository.ts": {"path":"/home/brayanrianodev/Documentos/clinicsay/backend/src/infrastructure/prisma/patient-alert.prisma.repository.ts","statementMap":{"0":{"start":{"line":1,"column":0},"end":{"line":1,"column":43}},"1":{"start":{"line":4,"column":0},"end":{"line":4,"column":84}},"2":{"start":{"line":6,"column":0},"end":{"line":6,"column":48}},"3":{"start":{"line":9,"column":7},"end":{"line":91,"column":null}},"4":{"start":{"line":10,"column":31},"end":{"line":10,"column":39}},"5":{"start":{"line":13,"column":20},"end":{"line":15,"column":6}},"6":{"start":{"line":16,"column":4},"end":{"line":16,"column":null}},"7":{"start":{"line":20,"column":19},"end":{"line":20,"column":79}},"8":{"start":{"line":21,"column":4},"end":{"line":21,"column":null}},"9":{"start":{"line":30,"column":19},"end":{"line":32,"column":6}},"10":{"start":{"line":33,"column":4},"end":{"line":33,"column":null}},"11":{"start":{"line":37,"column":19},"end":{"line":48,"column":6}},"12":{"start":{"line":49,"column":4},"end":{"line":49,"column":null}},"13":{"start":{"line":53,"column":19},"end":{"line":62,"column":6}},"14":{"start":{"line":63,"column":4},"end":{"line":63,"column":null}},"15":{"start":{"line":67,"column":4},"end":{"line":67,"column":null}},"16":{"start":{"line":80,"column":4},"end":{"line":89,"column":null}},"17":{"start":{"line":9,"column":13},"end":{"line":9,"column":41}},"18":{"start":{"line":9,"column":13},"end":{"line":91,"column":null}}},"fnMap":{"0":{"name":"(anonymous_2)","decl":{"start":{"line":10,"column":2},"end":{"line":10,"column":31}},"loc":{"start":{"line":10,"column":52},"end":{"line":10,"column":56}}},"1":{"name":"(anonymous_3)","decl":{"start":{"line":12,"column":2},"end":{"line":12,"column":7}},"loc":{"start":{"line":12,"column":41},"end":{"line":17,"column":3}}},"2":{"name":"(anonymous_4)","decl":{"start":{"line":19,"column":2},"end":{"line":19,"column":7}},"loc":{"start":{"line":19,"column":27},"end":{"line":22,"column":3}}},"3":{"name":"(anonymous_5)","decl":{"start":{"line":24,"column":2},"end":{"line":24,"column":7}},"loc":{"start":{"line":28,"column":19},"end":{"line":34,"column":3}}},"4":{"name":"(anonymous_6)","decl":{"start":{"line":36,"column":2},"end":{"line":36,"column":7}},"loc":{"start":{"line":36,"column":38},"end":{"line":50,"column":3}}},"5":{"name":"(anonymous_7)","decl":{"start":{"line":52,"column":2},"end":{"line":52,"column":7}},"loc":{"start":{"line":52,"column":40},"end":{"line":64,"column":3}}},"6":{"name":"(anonymous_8)","decl":{"start":{"line":66,"column":2},"end":{"line":66,"column":7}},"loc":{"start":{"line":66,"column":25},"end":{"line":68,"column":3}}},"7":{"name":"(anonymous_9)","decl":{"start":{"line":70,"column":10},"end":{"line":70,"column":18}},"loc":{"start":{"line":79,"column":3},"end":{"line":90,"column":3}}}},"branchMap":{"0":{"loc":{"start":{"line":21,"column":11},"end":{"line":21,"column":48}},"type":"cond-expr","locations":[{"start":{"line":21,"column":20},"end":{"line":21,"column":41}},{"start":{"line":21,"column":44},"end":{"line":21,"column":48}}]},"1":{"loc":{"start":{"line":33,"column":11},"end":{"line":33,"column":48}},"type":"cond-expr","locations":[{"start":{"line":33,"column":20},"end":{"line":33,"column":41}},{"start":{"line":33,"column":44},"end":{"line":33,"column":48}}]},"2":{"loc":{"start":{"line":10,"column":39},"end":{"line":10,"column":55}},"type":"cond-expr","locations":[{"start":{"line":10,"column":52},"end":{"line":10,"column":55}},{"start":{"line":10,"column":52},"end":{"line":10,"column":55}}]},"3":{"loc":{"start":{"line":10,"column":39},"end":{"line":10,"column":52}},"type":"binary-expr","locations":[{"start":{"line":10,"column":39},"end":{"line":10,"column":55}},{"start":{"line":10,"column":39},"end":{"line":10,"column":52}}]}},"s":{"0":0,"1":0,"2":0,"3":0,"4":0,"5":0,"6":0,"7":0,"8":0,"9":0,"10":0,"11":0,"12":0,"13":0,"14":0,"15":0,"16":0,"17":0,"18":0},"f":{"0":0,"1":0,"2":0,"3":0,"4":0,"5":0,"6":0,"7":0},"b":{"0":[0,0],"1":[0,0],"2":[0,0],"3":[0,0]}}
,"/home/brayanrianodev/Documentos/clinicsay/backend/src/infrastructure/prisma/prisma.service.ts": {"path":"/home/brayanrianodev/Documentos/clinicsay/backend/src/infrastructure/prisma/prisma.service.ts","statementMap":{"0":{"start":{"line":1,"column":0},"end":{"line":1,"column":74}},"1":{"start":{"line":2,"column":0},"end":{"line":2,"column":53}},"2":{"start":{"line":3,"column":0},"end":{"line":3,"column":63}},"3":{"start":{"line":6,"column":7},"end":{"line":21,"column":null}},"4":{"start":{"line":8,"column":20},"end":{"line":10,"column":6}},"5":{"start":{"line":11,"column":4},"end":{"line":11,"column":null}},"6":{"start":{"line":15,"column":4},"end":{"line":15,"column":null}},"7":{"start":{"line":19,"column":4},"end":{"line":19,"column":null}},"8":{"start":{"line":6,"column":13},"end":{"line":6,"column":26}},"9":{"start":{"line":6,"column":13},"end":{"line":21,"column":null}}},"fnMap":{"0":{"name":"(anonymous_2)","decl":{"start":{"line":7,"column":2},"end":{"line":7,"column":null}},"loc":{"start":{"line":7,"column":2},"end":{"line":12,"column":3}}},"1":{"name":"(anonymous_3)","decl":{"start":{"line":14,"column":2},"end":{"line":14,"column":7}},"loc":{"start":{"line":14,"column":20},"end":{"line":16,"column":3}}},"2":{"name":"(anonymous_4)","decl":{"start":{"line":18,"column":2},"end":{"line":18,"column":7}},"loc":{"start":{"line":18,"column":23},"end":{"line":20,"column":3}}}},"branchMap":{"0":{"loc":{"start":{"line":9,"column":11},"end":{"line":9,"column":54}},"type":"binary-expr","locations":[{"start":{"line":9,"column":11},"end":{"line":9,"column":35}},{"start":{"line":9,"column":39},"end":{"line":9,"column":54}}]}},"s":{"0":1,"1":1,"2":1,"3":1,"4":0,"5":0,"6":0,"7":0,"8":1,"9":1},"f":{"0":0,"1":0,"2":0},"b":{"0":[0,0]}}
,"/home/brayanrianodev/Documentos/clinicsay/backend/src/presentation/patient-alert/patient-alert.controller.ts": {"path":"/home/brayanrianodev/Documentos/clinicsay/backend/src/presentation/patient-alert/patient-alert.controller.ts","statementMap":{"0":{"start":{"line":1,"column":0},"end":{"line":1,"column":104}},"1":{"start":{"line":2,"column":0},"end":{"line":2,"column":105}},"2":{"start":{"line":3,"column":0},"end":{"line":3,"column":105}},"3":{"start":{"line":4,"column":0},"end":{"line":4,"column":101}},"4":{"start":{"line":5,"column":0},"end":{"line":5,"column":105}},"5":{"start":{"line":6,"column":0},"end":{"line":6,"column":56}},"6":{"start":{"line":7,"column":0},"end":{"line":7,"column":56}},"7":{"start":{"line":10,"column":7},"end":{"line":53,"column":null}},"8":{"start":{"line":12,"column":21},"end":{"line":12,"column":39}},"9":{"start":{"line":13,"column":21},"end":{"line":13,"column":41}},"10":{"start":{"line":14,"column":21},"end":{"line":14,"column":41}},"11":{"start":{"line":15,"column":21},"end":{"line":15,"column":41}},"12":{"start":{"line":20,"column":19},"end":{"line":20,"column":65}},"13":{"start":{"line":21,"column":4},"end":{"line":21,"column":null}},"14":{"start":{"line":21,"column":29},"end":{"line":21,"column":39}},"15":{"start":{"line":26,"column":18},"end":{"line":32,"column":6}},"16":{"start":{"line":33,"column":4},"end":{"line":33,"column":null}},"17":{"start":{"line":38,"column":18},"end":{"line":44,"column":6}},"18":{"start":{"line":45,"column":4},"end":{"line":45,"column":null}},"19":{"start":{"line":51,"column":4},"end":{"line":51,"column":null}},"20":{"start":{"line":10,"column":13},"end":{"line":10,"column":35}},"21":{"start":{"line":19,"column":8},"end":{"line":22,"column":null}},"22":{"start":{"line":25,"column":8},"end":{"line":34,"column":null}},"23":{"start":{"line":37,"column":8},"end":{"line":46,"column":null}},"24":{"start":{"line":50,"column":8},"end":{"line":52,"column":null}},"25":{"start":{"line":10,"column":13},"end":{"line":53,"column":null}}},"fnMap":{"0":{"name":"(anonymous_4)","decl":{"start":{"line":11,"column":2},"end":{"line":11,"column":null}},"loc":{"start":{"line":15,"column":66},"end":{"line":16,"column":6}}},"1":{"name":"(anonymous_5)","decl":{"start":{"line":19,"column":8},"end":{"line":19,"column":17}},"loc":{"start":{"line":19,"column":55},"end":{"line":22,"column":3}}},"2":{"name":"(anonymous_6)","decl":{"start":{"line":21,"column":22},"end":{"line":21,"column":23}},"loc":{"start":{"line":21,"column":29},"end":{"line":21,"column":39}}},"3":{"name":"(anonymous_7)","decl":{"start":{"line":25,"column":8},"end":{"line":25,"column":19}},"loc":{"start":{"line":25,"column":86},"end":{"line":34,"column":3}}},"4":{"name":"(anonymous_8)","decl":{"start":{"line":37,"column":8},"end":{"line":37,"column":19}},"loc":{"start":{"line":37,"column":82},"end":{"line":46,"column":3}}},"5":{"name":"(anonymous_9)","decl":{"start":{"line":50,"column":8},"end":{"line":50,"column":19}},"loc":{"start":{"line":50,"column":53},"end":{"line":52,"column":3}}}},"branchMap":{"0":{"loc":{"start":{"line":25,"column":72},"end":{"line":25,"column":null}},"type":"cond-expr","locations":[{"start":{"line":25,"column":86},"end":{"line":25,"column":null}},{"start":{"line":25,"column":86},"end":{"line":25,"column":null}}]},"1":{"loc":{"start":{"line":25,"column":72},"end":{"line":25,"column":86}},"type":"binary-expr","locations":[{"start":{"line":25,"column":72},"end":{"line":25,"column":null}},{"start":{"line":25,"column":72},"end":{"line":25,"column":86}}]},"2":{"loc":{"start":{"line":37,"column":68},"end":{"line":37,"column":null}},"type":"cond-expr","locations":[{"start":{"line":37,"column":82},"end":{"line":37,"column":null}},{"start":{"line":37,"column":82},"end":{"line":37,"column":null}}]},"3":{"loc":{"start":{"line":37,"column":68},"end":{"line":37,"column":82}},"type":"binary-expr","locations":[{"start":{"line":37,"column":68},"end":{"line":37,"column":null}},{"start":{"line":37,"column":68},"end":{"line":37,"column":82}}]},"4":{"loc":{"start":{"line":12,"column":39},"end":{"line":12,"column":null}},"type":"cond-expr","locations":[{"start":{"line":12,"column":62},"end":{"line":12,"column":null}},{"start":{"line":12,"column":62},"end":{"line":12,"column":null}}]},"5":{"loc":{"start":{"line":12,"column":39},"end":{"line":12,"column":62}},"type":"binary-expr","locations":[{"start":{"line":12,"column":39},"end":{"line":12,"column":null}},{"start":{"line":12,"column":39},"end":{"line":12,"column":62}}]},"6":{"loc":{"start":{"line":12,"column":62},"end":{"line":13,"column":null}},"type":"cond-expr","locations":[{"start":{"line":13,"column":66},"end":{"line":13,"column":null}},{"start":{"line":13,"column":66},"end":{"line":13,"column":null}}]},"7":{"loc":{"start":{"line":12,"column":62},"end":{"line":13,"column":66}},"type":"binary-expr","locations":[{"start":{"line":12,"column":62},"end":{"line":13,"column":null}},{"start":{"line":13,"column":41},"end":{"line":13,"column":66}}]},"8":{"loc":{"start":{"line":13,"column":66},"end":{"line":14,"column":null}},"type":"cond-expr","locations":[{"start":{"line":14,"column":66},"end":{"line":14,"column":null}},{"start":{"line":14,"column":66},"end":{"line":14,"column":null}}]},"9":{"loc":{"start":{"line":13,"column":66},"end":{"line":14,"column":66}},"type":"binary-expr","locations":[{"start":{"line":13,"column":66},"end":{"line":14,"column":null}},{"start":{"line":14,"column":41},"end":{"line":14,"column":66}}]},"10":{"loc":{"start":{"line":14,"column":66},"end":{"line":15,"column":null}},"type":"cond-expr","locations":[{"start":{"line":15,"column":66},"end":{"line":15,"column":null}},{"start":{"line":15,"column":66},"end":{"line":15,"column":null}}]},"11":{"loc":{"start":{"line":14,"column":66},"end":{"line":15,"column":66}},"type":"binary-expr","locations":[{"start":{"line":14,"column":66},"end":{"line":15,"column":null}},{"start":{"line":15,"column":41},"end":{"line":15,"column":66}}]}},"s":{"0":0,"1":0,"2":0,"3":0,"4":0,"5":0,"6":0,"7":0,"8":0,"9":0,"10":0,"11":0,"12":0,"13":0,"14":0,"15":0,"16":0,"17":0,"18":0,"19":0,"20":0,"21":0,"22":0,"23":0,"24":0,"25":0},"f":{"0":0,"1":0,"2":0,"3":0,"4":0,"5":0},"b":{"0":[0,0],"1":[0,0],"2":[0,0],"3":[0,0],"4":[0,0],"5":[0,0],"6":[0,0],"7":[0,0],"8":[0,0],"9":[0,0],"10":[0,0],"11":[0,0]}}
,"/home/brayanrianodev/Documentos/clinicsay/backend/src/presentation/patient-alert/dtos/create-alert.dto.ts": {"path":"/home/brayanrianodev/Documentos/clinicsay/backend/src/presentation/patient-alert/dtos/create-alert.dto.ts","statementMap":{"0":{"start":{"line":1,"column":0},"end":{"line":1,"column":84}},"1":{"start":{"line":2,"column":0},"end":{"line":2,"column":45}},"2":{"start":{"line":3,"column":0},"end":{"line":3,"column":81}},"3":{"start":{"line":4,"column":0},"end":{"line":4,"column":73}},"4":{"start":{"line":6,"column":0},"end":{"line":6,"column":13}},"5":{"start":{"line":8,"column":2},"end":{"line":8,"column":null}},"6":{"start":{"line":11,"column":2},"end":{"line":11,"column":null}},"7":{"start":{"line":17,"column":2},"end":{"line":17,"column":null}},"8":{"start":{"line":16,"column":29},"end":{"line":16,"column":77}},"9":{"start":{"line":20,"column":2},"end":{"line":20,"column":null}}},"fnMap":{"0":{"name":"(anonymous_2)","decl":{"start":{"line":16,"column":13},"end":{"line":16,"column":14}},"loc":{"start":{"line":16,"column":29},"end":{"line":16,"column":77}}}},"branchMap":{"0":{"loc":{"start":{"line":8,"column":8},"end":{"line":8,"column":null}},"type":"cond-expr","locations":[{"start":{"line":8,"column":17},"end":{"line":8,"column":null}},{"start":{"line":8,"column":17},"end":{"line":8,"column":null}}]},"1":{"loc":{"start":{"line":8,"column":8},"end":{"line":8,"column":17}},"type":"binary-expr","locations":[{"start":{"line":8,"column":8},"end":{"line":8,"column":null}},{"start":{"line":8,"column":8},"end":{"line":8,"column":17}}]},"2":{"loc":{"start":{"line":11,"column":12},"end":{"line":11,"column":null}},"type":"cond-expr","locations":[{"start":{"line":11,"column":25},"end":{"line":11,"column":null}},{"start":{"line":11,"column":25},"end":{"line":11,"column":null}}]},"3":{"loc":{"start":{"line":11,"column":12},"end":{"line":11,"column":25}},"type":"binary-expr","locations":[{"start":{"line":11,"column":12},"end":{"line":11,"column":null}},{"start":{"line":11,"column":12},"end":{"line":11,"column":25}}]},"4":{"loc":{"start":{"line":16,"column":29},"end":{"line":16,"column":77}},"type":"cond-expr","locations":[{"start":{"line":16,"column":57},"end":{"line":16,"column":69}},{"start":{"line":16,"column":72},"end":{"line":16,"column":77}}]}},"s":{"0":0,"1":0,"2":0,"3":0,"4":0,"5":0,"6":0,"7":0,"8":0,"9":0},"f":{"0":0},"b":{"0":[0,0],"1":[0,0],"2":[0,0],"3":[0,0],"4":[0,0]}}
,"/home/brayanrianodev/Documentos/clinicsay/backend/src/presentation/patient-alert/dtos/update-alert.dto.ts": {"path":"/home/brayanrianodev/Documentos/clinicsay/backend/src/presentation/patient-alert/dtos/update-alert.dto.ts","statementMap":{"0":{"start":{"line":1,"column":0},"end":{"line":1,"column":84}},"1":{"start":{"line":2,"column":0},"end":{"line":2,"column":45}},"2":{"start":{"line":3,"column":0},"end":{"line":3,"column":81}},"3":{"start":{"line":4,"column":0},"end":{"line":4,"column":73}},"4":{"start":{"line":6,"column":0},"end":{"line":6,"column":13}},"5":{"start":{"line":9,"column":2},"end":{"line":9,"column":null}},"6":{"start":{"line":13,"column":2},"end":{"line":13,"column":null}},"7":{"start":{"line":19,"column":2},"end":{"line":19,"column":null}},"8":{"start":{"line":18,"column":29},"end":{"line":18,"column":77}},"9":{"start":{"line":23,"column":2},"end":{"line":23,"column":null}}},"fnMap":{"0":{"name":"(anonymous_2)","decl":{"start":{"line":18,"column":13},"end":{"line":18,"column":14}},"loc":{"start":{"line":18,"column":29},"end":{"line":18,"column":77}}}},"branchMap":{"0":{"loc":{"start":{"line":9,"column":9},"end":{"line":9,"column":null}},"type":"cond-expr","locations":[{"start":{"line":9,"column":18},"end":{"line":9,"column":null}},{"start":{"line":9,"column":18},"end":{"line":9,"column":null}}]},"1":{"loc":{"start":{"line":9,"column":9},"end":{"line":9,"column":18}},"type":"binary-expr","locations":[{"start":{"line":9,"column":9},"end":{"line":9,"column":null}},{"start":{"line":9,"column":9},"end":{"line":9,"column":18}}]},"2":{"loc":{"start":{"line":13,"column":13},"end":{"line":13,"column":null}},"type":"cond-expr","locations":[{"start":{"line":13,"column":26},"end":{"line":13,"column":null}},{"start":{"line":13,"column":26},"end":{"line":13,"column":null}}]},"3":{"loc":{"start":{"line":13,"column":13},"end":{"line":13,"column":26}},"type":"binary-expr","locations":[{"start":{"line":13,"column":13},"end":{"line":13,"column":null}},{"start":{"line":13,"column":13},"end":{"line":13,"column":26}}]},"4":{"loc":{"start":{"line":18,"column":29},"end":{"line":18,"column":77}},"type":"cond-expr","locations":[{"start":{"line":18,"column":57},"end":{"line":18,"column":69}},{"start":{"line":18,"column":72},"end":{"line":18,"column":77}}]}},"s":{"0":0,"1":0,"2":0,"3":0,"4":0,"5":0,"6":0,"7":0,"8":0,"9":0},"f":{"0":0},"b":{"0":[0,0],"1":[0,0],"2":[0,0],"3":[0,0],"4":[0,0]}}
}
