TN:
SF:src/application/patient-alert/create-patient-alert.use-case.ts
FN:25,(anonymous_4)
FN:31,(anonymous_5)
FNF:2
FNH:2
FNDA:5,(anonymous_4)
FNDA:5,(anonymous_5)
DA:1,1
DA:2,1
DA:5,1
DA:6,1
DA:7,1
DA:12,1
DA:13,1
DA:24,1
DA:27,5
DA:28,5
DA:32,5
DA:36,5
DA:37,1
DA:40,4
DA:42,4
DA:43,3
DA:50,3
DA:51,2
DA:57,2
DA:58,2
DA:69,2
LF:21
LH:21
BRDA:36,0,0,1
BRDA:36,0,1,4
BRDA:42,1,0,3
BRDA:42,1,1,1
BRDA:50,2,0,2
BRDA:50,2,1,1
BRDA:28,3,0,1
BRDA:28,3,1,0
BRDA:28,4,0,1
BRDA:28,4,1,1
BRF:10
BRH:9
end_of_record
TN:
SF:src/application/patient-alert/delete-patient-alert.use-case.ts
FN:11,(anonymous_4)
FN:16,(anonymous_5)
FNF:2
FNH:2
FNDA:2,(anonymous_4)
FNDA:2,(anonymous_5)
DA:1,1
DA:2,1
DA:7,1
DA:10,1
DA:13,2
DA:17,2
DA:19,2
DA:20,1
DA:23,1
LF:9
LH:9
BRDA:19,0,0,1
BRDA:19,0,1,1
BRF:2
BRH:2
end_of_record
TN:
SF:src/application/patient-alert/get-patient-alerts.use-case.ts
FN:9,(anonymous_4)
FN:14,(anonymous_5)
FN:17,(anonymous_6)
FNF:3
FNH:3
FNDA:2,(anonymous_4)
FNDA:2,(anonymous_5)
FNDA:6,(anonymous_6)
DA:1,1
DA:2,1
DA:5,1
DA:8,1
DA:11,2
DA:15,2
DA:17,2
DA:18,6
DA:19,1
DA:21,5
LF:10
LH:10
BRDA:18,0,0,1
BRDA:18,0,1,5
BRDA:19,1,0,1
BRDA:19,1,1,0
BRF:4
BRH:3
end_of_record
TN:
SF:src/application/patient-alert/update-patient-alert.use-case.ts
FN:23,(anonymous_4)
FN:28,(anonymous_5)
FNF:2
FNH:2
FNDA:3,(anonymous_4)
FNDA:3,(anonymous_5)
DA:1,1
DA:4,1
DA:5,1
DA:6,1
DA:11,1
DA:22,1
DA:25,3
DA:29,3
DA:31,3
DA:32,1
DA:35,2
DA:40,2
DA:42,2
DA:43,2
DA:50,2
DA:51,2
DA:52,1
DA:58,1
DA:69,1
LF:19
LH:19
BRDA:31,0,0,1
BRDA:31,0,1,2
BRDA:36,1,0,2
BRDA:36,1,1,2
BRDA:37,2,0,2
BRDA:37,2,1,2
BRDA:38,3,0,2
BRDA:38,3,1,2
BRDA:40,4,0,2
BRDA:40,4,1,0
BRDA:42,5,0,2
BRDA:42,5,1,0
BRDA:50,6,0,2
BRDA:50,6,1,2
BRDA:51,7,0,1
BRDA:51,7,1,1
BRF:16
BRH:14
end_of_record
TN:
SF:src/domain/patient-alert/alert-severity.enum.ts
FN:1,(anonymous_0)
FNF:1
FNH:1
FNDA:5,(anonymous_0)
DA:1,5
DA:2,5
DA:3,5
DA:4,5
DA:7,5
LF:5
LH:5
BRDA:1,0,0,5
BRDA:1,0,1,5
BRF:2
BRH:2
end_of_record
TN:
SF:src/domain/patient-alert/alert-type.enum.ts
FN:1,(anonymous_0)
FNF:1
FNH:1
FNDA:5,(anonymous_0)
DA:1,5
DA:2,5
DA:3,5
DA:4,5
DA:5,5
LF:5
LH:5
BRDA:1,0,0,5
BRDA:1,0,1,5
BRF:2
BRH:2
end_of_record
TN:
SF:src/domain/patient-alert/patient-alert-duplicate.policy.ts
FN:11,normalizeAlertMessage
FN:15,buildAlertIdentity
FN:27,isSameActiveAlertIdentity
FN:34,findConflictingActiveAlert
FN:40,(anonymous_4)
FNF:5
FNH:5
FNDA:8,normalizeAlertMessage
FNDA:7,buildAlertIdentity
FNDA:2,isSameActiveAlertIdentity
FNDA:2,findConflictingActiveAlert
FNDA:2,(anonymous_4)
DA:11,3
DA:12,8
DA:15,3
DA:20,7
DA:27,3
DA:31,2
DA:34,3
DA:39,2
DA:41,2
LF:9
LH:9
BRDA:31,0,0,2
BRDA:31,0,1,1
BRDA:41,1,0,2
BRDA:41,1,1,2
BRF:4
BRH:4
end_of_record
TN:
SF:src/domain/patient-alert/patient-alert.entity.ts
FN:16,(anonymous_0)
FN:18,(anonymous_1)
FN:22,(anonymous_2)
FN:26,(anonymous_3)
FN:30,(anonymous_4)
FN:34,(anonymous_5)
FN:38,(anonymous_6)
FN:42,(anonymous_7)
FN:46,(anonymous_8)
FN:50,(anonymous_9)
FN:54,(anonymous_10)
FN:58,(anonymous_11)
FNF:12
FNH:11
FNDA:17,(anonymous_0)
FNDA:17,(anonymous_1)
FNDA:11,(anonymous_2)
FNDA:4,(anonymous_3)
FNDA:3,(anonymous_4)
FNDA:16,(anonymous_5)
FNDA:2,(anonymous_6)
FNDA:18,(anonymous_7)
FNDA:1,(anonymous_8)
FNDA:0,(anonymous_9)
FNDA:1,(anonymous_10)
FNDA:1,(anonymous_11)
DA:15,5
DA:16,17
DA:19,17
DA:23,11
DA:27,4
DA:31,3
DA:35,16
DA:39,2
DA:43,18
DA:47,1
DA:51,0
DA:55,1
DA:59,1
LF:13
LH:12
BRDA:55,0,0,1
BRDA:55,0,1,1
BRDA:55,0,2,1
BRDA:55,0,3,1
BRF:4
BRH:4
end_of_record
TN:
SF:src/domain/patient-alert/patient-alert.error-codes.ts
FN:1,(anonymous_0)
FN:14,patientAlertError
FNF:2
FNH:2
FNDA:3,(anonymous_0)
FNDA:6,patientAlertError
DA:1,3
DA:2,3
DA:3,3
DA:4,3
DA:7,3
DA:14,3
DA:15,6
LF:7
LH:7
BRDA:1,0,0,3
BRDA:1,0,1,3
BRF:2
BRH:2
end_of_record
TN:
SF:src/domain/patient-alert/patient-alert.repository.interface.ts
FNF:0
FNH:0
DA:5,4
LF:1
LH:1
BRF:0
BRH:0
end_of_record
TN:
SF:src/infrastructure/prisma/patient-alert.prisma.repository.ts
FN:10,(anonymous_2)
FN:12,(anonymous_3)
FN:19,(anonymous_4)
FN:24,(anonymous_5)
FN:36,(anonymous_6)
FN:52,(anonymous_7)
FN:66,(anonymous_8)
FN:70,(anonymous_9)
FNF:8
FNH:0
FNDA:0,(anonymous_2)
FNDA:0,(anonymous_3)
FNDA:0,(anonymous_4)
FNDA:0,(anonymous_5)
FNDA:0,(anonymous_6)
FNDA:0,(anonymous_7)
FNDA:0,(anonymous_8)
FNDA:0,(anonymous_9)
DA:1,0
DA:4,0
DA:6,0
DA:9,0
DA:10,0
DA:13,0
DA:16,0
DA:20,0
DA:21,0
DA:30,0
DA:33,0
DA:37,0
DA:49,0
DA:53,0
DA:63,0
DA:67,0
DA:80,0
LF:17
LH:0
BRDA:21,0,0,0
BRDA:21,0,1,0
BRDA:33,1,0,0
BRDA:33,1,1,0
BRDA:10,2,0,0
BRDA:10,2,1,0
BRDA:10,3,0,0
BRDA:10,3,1,0
BRF:8
BRH:0
end_of_record
TN:
SF:src/infrastructure/prisma/prisma.service.ts
FN:7,(anonymous_2)
FN:14,(anonymous_3)
FN:18,(anonymous_4)
FNF:3
FNH:0
FNDA:0,(anonymous_2)
FNDA:0,(anonymous_3)
FNDA:0,(anonymous_4)
DA:1,1
DA:2,1
DA:3,1
DA:6,1
DA:8,0
DA:11,0
DA:15,0
DA:19,0
LF:8
LH:4
BRDA:9,0,0,0
BRDA:9,0,1,0
BRF:2
BRH:0
end_of_record
TN:
SF:src/presentation/patient-alert/patient-alert.controller.ts
FN:11,(anonymous_4)
FN:19,(anonymous_5)
FN:21,(anonymous_6)
FN:25,(anonymous_7)
FN:37,(anonymous_8)
FN:50,(anonymous_9)
FNF:6
FNH:0
FNDA:0,(anonymous_4)
FNDA:0,(anonymous_5)
FNDA:0,(anonymous_6)
FNDA:0,(anonymous_7)
FNDA:0,(anonymous_8)
FNDA:0,(anonymous_9)
DA:1,0
DA:2,0
DA:3,0
DA:4,0
DA:5,0
DA:6,0
DA:7,0
DA:10,0
DA:12,0
DA:13,0
DA:14,0
DA:15,0
DA:19,0
DA:20,0
DA:21,0
DA:25,0
DA:26,0
DA:33,0
DA:37,0
DA:38,0
DA:45,0
DA:50,0
DA:51,0
LF:23
LH:0
BRDA:25,0,0,0
BRDA:25,0,1,0
BRDA:25,1,0,0
BRDA:25,1,1,0
BRDA:37,2,0,0
BRDA:37,2,1,0
BRDA:37,3,0,0
BRDA:37,3,1,0
BRDA:12,4,0,0
BRDA:12,4,1,0
BRDA:12,5,0,0
BRDA:12,5,1,0
BRDA:12,6,0,0
BRDA:12,6,1,0
BRDA:12,7,0,0
BRDA:12,7,1,0
BRDA:13,8,0,0
BRDA:13,8,1,0
BRDA:13,9,0,0
BRDA:13,9,1,0
BRDA:14,10,0,0
BRDA:14,10,1,0
BRDA:14,11,0,0
BRDA:14,11,1,0
BRF:24
BRH:0
end_of_record
TN:
SF:src/presentation/patient-alert/dtos/create-alert.dto.ts
FN:16,(anonymous_2)
FNF:1
FNH:0
FNDA:0,(anonymous_2)
DA:1,0
DA:2,0
DA:3,0
DA:4,0
DA:6,0
DA:8,0
DA:11,0
DA:16,0
DA:17,0
DA:20,0
LF:10
LH:0
BRDA:8,0,0,0
BRDA:8,0,1,0
BRDA:8,1,0,0
BRDA:8,1,1,0
BRDA:11,2,0,0
BRDA:11,2,1,0
BRDA:11,3,0,0
BRDA:11,3,1,0
BRDA:16,4,0,0
BRDA:16,4,1,0
BRF:10
BRH:0
end_of_record
TN:
SF:src/presentation/patient-alert/dtos/update-alert.dto.ts
FN:18,(anonymous_2)
FNF:1
FNH:0
FNDA:0,(anonymous_2)
DA:1,0
DA:2,0
DA:3,0
DA:4,0
DA:6,0
DA:9,0
DA:13,0
DA:18,0
DA:19,0
DA:23,0
LF:10
LH:0
BRDA:9,0,0,0
BRDA:9,0,1,0
BRDA:9,1,0,0
BRDA:9,1,1,0
BRDA:13,2,0,0
BRDA:13,2,1,0
BRDA:13,3,0,0
BRDA:13,3,1,0
BRDA:18,4,0,0
BRDA:18,4,1,0
BRF:10
BRH:0
end_of_record
